<?xml version="1.0" encoding="UTF-8"?>
<!-- Generated by org.testng.reporters.JUnitXMLReporter -->
<testsuite ignored="0" hostname="SCHEMATRIX" failures="0" tests="5" name="Default test" time="18.195" errors="0" timestamp="2022-09-01T00:34:00 IST">
  <testcase classname="com.telus.testcase.RegisterUserDemo" name="launchApplication" time="7.015"/>
  <testcase classname="com.telus.testcase.RegisterUserDemo" name="navigateToRegistrationForm" time="4.941"/>
  <testcase classname="com.telus.testcase.RegisterUserDemo" name="registerForDemo" time="3.674"/>
  <testcase classname="com.telus.testcase.RegisterUserDemo" name="validateSuccessfullMsg" time="0.06"/>
  <testcase classname="com.telus.testcase.RegisterUserDemo" name="closeApplication" time="2.437"/>
</testsuite> <!-- Default test -->
