<?xml version="1.0" encoding="UTF-8"?>
<!-- Generated by org.testng.reporters.JUnitXMLReporter -->
<testsuite ignored="0" hostname="SCHEMATRIX" failures="0" tests="5" name="Default test" time="16.197" errors="0" timestamp="2022-09-09T05:20:54 IST">
  <testcase classname="com.telus.testcase.RegisterUserDemo" name="launchApplication" time="6.858"/>
  <testcase classname="com.telus.testcase.RegisterUserDemo" name="navigateToRegistrationForm" time="3.039"/>
  <testcase classname="com.telus.testcase.RegisterUserDemo" name="registerForDemo" time="3.716"/>
  <testcase classname="com.telus.testcase.RegisterUserDemo" name="validateSuccessfullMsg" time="0.068"/>
  <testcase classname="com.telus.testcase.RegisterUserDemo" name="closeApplication" time="2.447"/>
</testsuite> <!-- Default test -->
