<?xml version="1.0" encoding="UTF-8"?>
<!-- Generated by org.testng.reporters.JUnitXMLReporter -->
<testsuite ignored="0" hostname="SCHEMATRIX" failures="0" tests="5" name="Register Demo Test Case" time="13.721" errors="0" timestamp="2022-09-01T00:59:27 IST">
  <testcase classname="com.telus.testcase.RegisterUserDemo" name="launchApplication" time="5.873"/>
  <testcase classname="com.telus.testcase.RegisterUserDemo" name="navigateToRegistrationForm" time="1.731"/>
  <testcase classname="com.telus.testcase.RegisterUserDemo" name="registerForDemo" time="3.549"/>
  <testcase classname="com.telus.testcase.RegisterUserDemo" name="validateSuccessfullMsg" time="0.072"/>
  <testcase classname="com.telus.testcase.RegisterUserDemo" name="closeApplication" time="2.434"/>
</testsuite> <!-- Register Demo Test Case -->
