<?xml version="1.0" encoding="UTF-8"?>
<!-- Generated by org.testng.reporters.JUnitXMLReporter -->
<testsuite ignored="0" hostname="SCHEMATRIX" failures="0" tests="5" name="Register Demo Test Case" time="18.115" errors="0" timestamp="2022-09-01T17:36:11 IST">
  <testcase classname="com.telus.testcase.RegisterUserDemo" name="launchApplication" time="9.137"/>
  <testcase classname="com.telus.testcase.RegisterUserDemo" name="navigateToRegistrationForm" time="2.165"/>
  <testcase classname="com.telus.testcase.RegisterUserDemo" name="registerForDemo" time="6.214"/>
  <testcase classname="com.telus.testcase.RegisterUserDemo" name="validateSuccessfullMsg" time="0.084"/>
  <testcase classname="com.telus.testcase.RegisterUserDemo" name="closeApplication" time="0.384"/>
</testsuite> <!-- Register Demo Test Case -->
